TN:
SF:src/attribution-manager.ts
FN:24,createAttributionManager
FN:28,getAttributionData
FN:40,captureAttributionData
FN:73,setAttributionToStorage
FNF:4
FNH:3
FNDA:7,createAttributionManager
FNDA:12,getAttributionData
FNDA:7,captureAttributionData
FNDA:0,setAttributionToStorage
DA:19,1
DA:24,1
DA:25,7
DA:26,7
DA:27,7
DA:28,7
DA:29,12
DA:30,12
DA:31,0
DA:32,0
DA:33,0
DA:34,0
DA:35,0
DA:36,0
DA:37,12
DA:38,12
DA:40,7
DA:41,7
DA:43,7
DA:44,0
DA:45,0
DA:47,7
DA:48,7
DA:51,7
DA:52,7
DA:53,7
DA:54,7
DA:55,7
DA:56,7
DA:57,7
DA:58,7
DA:59,35
DA:60,35
DA:61,0
DA:62,0
DA:63,7
DA:66,7
DA:67,0
DA:68,0
DA:69,0
DA:70,0
DA:71,7
DA:73,7
DA:74,0
DA:75,0
DA:76,0
DA:77,0
DA:78,0
DA:80,0
DA:81,0
DA:82,0
DA:83,0
DA:84,7
DA:85,7
LF:54
LH:31
BRDA:24,0,0,7
BRDA:28,1,0,12
BRDA:30,2,0,0
BRDA:40,3,0,7
BRDA:43,4,0,0
BRDA:66,5,0,0
BRDA:58,6,0,35
BRDA:60,7,0,0
BRF:8
BRH:4
end_of_record
TN:
SF:src/index.ts
FN:40,initTinybirdAnalytics
FNF:1
FNH:1
FNDA:14,initTinybirdAnalytics
DA:1,1
DA:40,1
DA:42,14
DA:43,2
DA:44,2
DA:45,14
DA:46,2
DA:47,2
DA:48,14
DA:49,2
DA:50,2
DA:53,8
DA:54,8
DA:55,8
DA:56,8
DA:57,8
DA:58,8
DA:59,8
DA:60,14
DA:63,14
DA:64,14
DA:65,14
DA:66,14
DA:67,14
DA:68,14
DA:69,14
DA:72,14
DA:73,8
DA:74,8
DA:76,8
DA:77,8
LF:31
LH:31
BRDA:40,0,0,14
BRDA:42,1,0,2
BRDA:44,2,0,12
BRDA:45,3,0,2
BRDA:47,4,0,10
BRDA:48,5,0,2
BRDA:50,6,0,8
BRDA:72,7,0,8
BRF:8
BRH:8
end_of_record
TN:
SF:src/session-manager.ts
FN:18,_uuidv4
FN:25,isSessionExpired
FN:32,parseSessionData
FN:52,createSessionManager
FN:56,getSessionId
FN:73,setSessionId
FNF:6
FNH:6
FNDA:5,_uuidv4
FNDA:5,isSessionExpired
FNDA:5,parseSessionData
FNDA:7,createSessionManager
FNDA:10,getSessionId
FNDA:10,setSessionId
DA:13,1
DA:18,5
DA:19,5
DA:20,5
DA:25,5
DA:26,5
DA:27,5
DA:32,5
DA:33,5
DA:34,5
DA:35,5
DA:36,5
DA:37,5
DA:38,5
DA:39,5
DA:40,5
DA:41,5
DA:42,5
DA:43,5
DA:45,0
DA:46,0
DA:47,0
DA:52,1
DA:53,7
DA:54,7
DA:55,7
DA:56,7
DA:58,10
DA:60,10
DA:61,5
DA:62,5
DA:63,5
DA:64,5
DA:65,5
DA:68,5
DA:69,5
DA:70,5
DA:71,10
DA:73,7
DA:74,10
DA:75,10
DA:76,10
DA:77,10
DA:79,10
DA:80,10
DA:81,10
DA:82,10
DA:83,10
DA:85,10
DA:86,0
DA:87,0
DA:88,10
DA:89,7
DA:90,7
LF:54
LH:49
BRDA:18,0,0,5
BRDA:25,1,0,5
BRDA:32,2,0,5
BRDA:43,3,0,0
BRDA:52,4,0,7
BRDA:56,5,0,10
BRDA:60,6,0,5
BRDA:73,7,0,10
BRDA:85,8,0,0
BRF:9
BRH:7
end_of_record
TN:
SF:src/storage-manager.ts
FN:30,get
FN:38,set
FN:47,remove
FN:56,isAvailable
FN:66,get
FN:74,set
FN:83,remove
FN:92,isAvailable
FN:102,get
FN:115,set
FN:142,remove
FN:151,isAvailable
FN:160,MemoryStore
FN:163,get
FN:172,set
FN:180,remove
FN:184,isAvailable
FN:192,createStorageManager
FN:217,get
FN:225,set
FN:234,remove
FN:244,isAvailable
FNF:22
FNH:13
FNDA:22,get
FNDA:10,set
FNDA:0,remove
FNDA:7,isAvailable
FNDA:17,get
FNDA:0,set
FNDA:0,remove
FNDA:7,isAvailable
FNDA:17,get
FNDA:0,set
FNDA:0,remove
FNDA:7,isAvailable
FNDA:7,MemoryStore
FNDA:17,get
FNDA:0,set
FNDA:0,remove
FNDA:7,isAvailable
FNDA:7,createStorageManager
FNDA:22,get
FNDA:10,set
FNDA:0,remove
FNDA:0,isAvailable
DA:29,1
DA:30,1
DA:31,22
DA:32,22
DA:33,22
DA:34,0
DA:35,0
DA:36,22
DA:38,1
DA:39,10
DA:40,10
DA:41,10
DA:42,10
DA:43,0
DA:44,0
DA:45,10
DA:47,1
DA:48,0
DA:49,0
DA:50,0
DA:51,0
DA:52,0
DA:53,0
DA:54,0
DA:56,1
DA:57,7
DA:58,7
DA:59,7
DA:60,0
DA:61,0
DA:62,7
DA:63,1
DA:65,1
DA:66,1
DA:67,17
DA:68,17
DA:69,17
DA:70,0
DA:71,0
DA:72,17
DA:74,1
DA:75,0
DA:76,0
DA:77,0
DA:78,0
DA:79,0
DA:80,0
DA:81,0
DA:83,1
DA:84,0
DA:85,0
DA:86,0
DA:87,0
DA:88,0
DA:89,0
DA:90,0
DA:92,1
DA:93,7
DA:94,7
DA:95,7
DA:96,0
DA:97,0
DA:98,7
DA:99,1
DA:101,1
DA:102,1
DA:103,17
DA:104,17
DA:105,17
DA:106,17
DA:107,0
DA:108,0
DA:109,17
DA:110,17
DA:111,0
DA:112,0
DA:113,17
DA:115,1
DA:116,0
DA:117,0
DA:119,0
DA:120,0
DA:121,0
DA:122,0
DA:123,0
DA:125,0
DA:127,0
DA:128,0
DA:129,0
DA:131,0
DA:132,0
DA:133,0
DA:135,0
DA:136,0
DA:137,0
DA:138,0
DA:139,0
DA:140,0
DA:142,1
DA:143,0
DA:144,0
DA:145,0
DA:146,0
DA:147,0
DA:148,0
DA:149,0
DA:151,1
DA:152,7
DA:153,7
DA:154,7
DA:155,0
DA:156,0
DA:157,7
DA:158,1
DA:160,7
DA:161,7
DA:163,1
DA:164,17
DA:165,17
DA:166,0
DA:167,0
DA:168,17
DA:169,17
DA:170,17
DA:172,1
DA:173,0
DA:174,0
DA:175,0
DA:176,0
DA:177,0
DA:178,0
DA:180,1
DA:181,0
DA:182,0
DA:184,1
DA:185,7
DA:186,7
DA:187,1
DA:192,1
DA:193,7
DA:194,7
DA:195,7
DA:196,7
DA:197,7
DA:199,7
DA:200,7
DA:201,7
DA:202,7
DA:204,7
DA:205,7
DA:206,7
DA:207,7
DA:208,7
DA:209,7
DA:211,7
DA:212,7
DA:213,7
DA:214,7
DA:216,7
DA:217,7
DA:218,22
DA:219,73
DA:220,73
DA:221,73
DA:222,17
DA:223,22
DA:225,7
DA:226,10
DA:227,10
DA:228,10
DA:229,10
DA:230,10
DA:231,0
DA:232,10
DA:234,7
DA:235,0
DA:236,0
DA:237,0
DA:238,0
DA:239,0
DA:240,0
DA:241,0
DA:242,0
DA:244,7
DA:245,0
DA:246,0
DA:247,0
DA:248,7
DA:249,7
LF:189
LH:103
BRDA:30,0,0,22
BRDA:33,1,0,0
BRDA:38,2,0,10
BRDA:42,3,0,0
BRDA:56,4,0,7
BRDA:59,5,0,0
BRDA:66,6,0,17
BRDA:69,7,0,0
BRDA:92,8,0,7
BRDA:95,9,0,0
BRDA:102,10,0,17
BRDA:106,11,0,0
BRDA:110,12,0,0
BRDA:151,13,0,7
BRDA:154,14,0,0
BRDA:160,15,0,7
BRDA:163,16,0,17
BRDA:165,17,0,0
BRDA:165,18,0,0
BRDA:184,19,0,7
BRDA:192,20,0,7
BRDA:195,21,0,0
BRDA:196,22,0,0
BRDA:197,23,0,0
BRDA:212,24,0,28
BRDA:213,25,0,28
BRDA:214,26,0,28
BRDA:217,27,0,22
BRDA:218,28,0,73
BRDA:220,29,0,5
BRDA:221,30,0,17
BRDA:225,31,0,10
BRDA:230,32,0,0
BRF:33
BRH:19
end_of_record
TN:
SF:src/tinybird-analytics-plugin.ts
FN:27,tinybirdPlugin
FN:32,initialize
FN:40,page
FN:52,track
FN:60,identify
FN:68,loaded
FNF:6
FNH:6
FNDA:8,tinybirdPlugin
FNDA:8,initialize
FNDA:1,page
FNDA:3,track
FNDA:1,identify
FNDA:32,loaded
DA:1,1
DA:10,1
DA:27,8
DA:28,8
DA:29,8
DA:30,8
DA:32,8
DA:34,8
DA:35,1
DA:36,1
DA:38,7
DA:39,8
DA:40,8
DA:43,1
DA:45,1
DA:46,1
DA:47,1
DA:49,1
DA:50,1
DA:52,8
DA:53,3
DA:54,3
DA:56,3
DA:57,3
DA:58,3
DA:60,8
DA:61,1
DA:62,1
DA:64,1
DA:65,1
DA:66,1
DA:68,8
DA:69,32
DA:70,32
DA:71,8
DA:72,8
DA:74,1
LF:37
LH:37
BRDA:27,0,0,8
BRDA:32,1,0,8
BRDA:34,2,0,1
BRDA:36,3,0,7
BRDA:40,4,0,1
BRDA:52,5,0,3
BRDA:60,6,0,1
BRDA:68,7,0,32
BRF:8
BRH:8
end_of_record
TN:
SF:src/tinybird-analytics.ts
FN:74,getCountryAndLocale
FN:98,getCommonProperties
FN:137,_maskSuspiciousAttributes
FN:171,_isValidUserAgent
FN:181,_isValidPayload
FN:194,tinybirdAnalytics
FN:212,sendMetric
FN:248,sendEvent
FN:332,track
FN:343,page
FN:348,_identify
FN:378,identify
FNF:12
FNH:11
FNDA:5,getCountryAndLocale
FNDA:5,getCommonProperties
FNDA:5,_maskSuspiciousAttributes
FNDA:5,_isValidUserAgent
FNDA:5,_isValidPayload
FNDA:7,tinybirdAnalytics
FNDA:0,sendMetric
FNDA:5,sendEvent
FNDA:4,track
FNDA:1,page
FNDA:1,_identify
FNDA:1,identify
DA:1,1
DA:6,1
DA:7,1
DA:12,1
DA:13,1
DA:14,1
DA:74,5
DA:75,5
DA:76,5
DA:78,5
DA:79,5
DA:80,5
DA:81,5
DA:83,5
DA:84,5
DA:85,5
DA:86,0
DA:87,5
DA:89,0
DA:90,0
DA:92,5
DA:93,5
DA:98,5
DA:99,5
DA:100,5
DA:101,5
DA:102,5
DA:104,5
DA:105,5
DA:106,5
DA:107,5
DA:108,5
DA:109,5
DA:110,5
DA:112,5
DA:113,0
DA:114,0
DA:115,5
DA:116,0
DA:117,0
DA:118,5
DA:119,0
DA:120,0
DA:121,5
DA:122,5
DA:123,0
DA:124,0
DA:125,5
DA:126,0
DA:127,0
DA:128,5
DA:129,0
DA:130,0
DA:131,5
DA:132,5
DA:137,1
DA:138,5
DA:139,5
DA:140,5
DA:141,5
DA:142,5
DA:143,5
DA:144,5
DA:145,5
DA:146,5
DA:147,5
DA:148,5
DA:149,5
DA:150,5
DA:151,5
DA:152,5
DA:153,5
DA:154,5
DA:157,5
DA:158,5
DA:159,75
DA:160,75
DA:161,75
DA:162,75
DA:163,5
DA:165,5
DA:166,5
DA:171,5
DA:172,5
DA:173,0
DA:174,0
DA:175,5
DA:176,0
DA:177,0
DA:178,5
DA:179,5
DA:181,5
DA:182,5
DA:183,0
DA:184,0
DA:185,5
DA:186,0
DA:187,0
DA:188,5
DA:189,5
DA:194,1
DA:195,7
DA:196,7
DA:198,7
DA:199,0
DA:200,0
DA:201,0
DA:202,0
DA:205,7
DA:206,0
DA:207,0
DA:208,0
DA:209,0
DA:211,7
DA:212,0
DA:213,0
DA:214,0
DA:215,0
DA:216,0
DA:217,0
DA:218,0
DA:220,0
DA:221,0
DA:222,0
DA:223,0
DA:224,0
DA:225,0
DA:227,7
DA:229,7
DA:230,7
DA:231,7
DA:232,7
DA:233,7
DA:234,7
DA:235,7
DA:236,7
DA:237,7
DA:238,7
DA:239,7
DA:240,7
DA:241,7
DA:242,7
DA:244,7
DA:245,7
DA:246,7
DA:248,7
DA:249,5
DA:252,5
DA:253,5
DA:254,5
DA:257,5
DA:258,0
DA:259,0
DA:262,5
DA:263,5
DA:264,0
DA:265,5
DA:266,0
DA:267,5
DA:268,5
DA:269,5
DA:270,5
DA:271,0
DA:272,0
DA:275,5
DA:276,5
DA:277,5
DA:278,5
DA:279,5
DA:280,5
DA:281,5
DA:282,5
DA:283,5
DA:284,5
DA:286,5
DA:287,0
DA:288,0
DA:289,5
DA:290,0
DA:291,0
DA:292,0
DA:293,0
DA:295,0
DA:296,0
DA:297,0
DA:299,0
DA:300,0
DA:302,5
DA:304,5
DA:305,5
DA:306,5
DA:307,5
DA:308,5
DA:309,5
DA:310,5
DA:312,5
DA:313,0
DA:314,5
DA:316,5
DA:319,5
DA:321,0
DA:322,0
DA:325,5
DA:326,5
DA:327,5
DA:328,5
DA:329,5
DA:330,5
DA:332,7
DA:333,4
DA:334,4
DA:336,4
DA:337,4
DA:340,4
DA:341,4
DA:343,7
DA:345,1
DA:346,1
DA:348,7
DA:349,1
DA:350,1
DA:351,1
DA:352,1
DA:353,1
DA:354,1
DA:356,1
DA:357,1
DA:359,1
DA:360,1
DA:361,1
DA:362,1
DA:363,1
DA:366,1
DA:368,1
DA:369,1
DA:371,7
DA:372,7
DA:373,7
DA:374,7
DA:375,7
DA:376,7
DA:377,7
DA:378,7
DA:379,1
DA:380,1
DA:381,7
DA:382,7
DA:384,7
DA:385,7
DA:386,7
DA:388,7
DA:390,7
DA:391,7
DA:393,1
LF:254
LH:190
BRDA:74,0,0,5
BRDA:85,1,0,0
BRDA:87,2,0,0
BRDA:98,3,0,5
BRDA:112,4,0,0
BRDA:112,5,0,0
BRDA:115,6,0,0
BRDA:115,7,0,0
BRDA:118,8,0,0
BRDA:118,9,0,0
BRDA:121,10,0,0
BRDA:121,11,0,0
BRDA:122,12,0,0
BRDA:122,13,0,0
BRDA:125,14,0,0
BRDA:125,15,0,0
BRDA:128,16,0,0
BRDA:128,17,0,0
BRDA:137,18,0,5
BRDA:158,19,0,75
BRDA:171,20,0,5
BRDA:172,21,0,0
BRDA:175,22,0,0
BRDA:181,23,0,5
BRDA:182,24,0,0
BRDA:185,25,0,0
BRDA:194,26,0,7
BRDA:198,27,0,0
BRDA:198,28,0,0
BRDA:198,29,0,0
BRDA:205,30,0,0
BRDA:205,31,0,0
BRDA:211,32,0,0
BRDA:248,33,0,5
BRDA:253,34,0,0
BRDA:257,35,0,0
BRDA:263,36,0,0
BRDA:265,37,0,0
BRDA:270,38,0,0
BRDA:286,39,0,0
BRDA:289,40,0,0
BRDA:302,41,0,0
BRDA:312,42,0,0
BRDA:319,43,0,0
BRDA:319,44,0,0
BRDA:332,45,0,4
BRDA:343,46,0,1
BRDA:348,47,0,1
BRDA:378,48,0,1
BRF:49
BRH:12
end_of_record
